<?xml version="1.0" encoding="UTF-8"?>
<testsuite xmlns:xsi="http://www.w3.org/2001/XMLSchema-instance" xsi:noNamespaceSchemaLocation="https://maven.apache.org/surefire/maven-surefire-plugin/xsd/surefire-test-report.xsd" name="com.model.UserTest" time="0.052" tests="6" errors="0" skipped="0" failures="0">
  <properties>
    <property name="java.specification.version" value="14"/>
    <property name="sun.jnu.encoding" value="UTF-8"/>
    <property name="java.class.path" value="/Users/linhnguyen/deploy/Frontend/SEPT_Group13/Frontend+Register+Login/target/test-classes:/Users/linhnguyen/deploy/Frontend/SEPT_Group13/Frontend+Register+Login/target/classes:/Users/linhnguyen/.m2/repository/org/springframework/boot/spring-boot-starter-web/2.2.3.RELEASE/spring-boot-starter-web-2.2.3.RELEASE.jar:/Users/linhnguyen/.m2/repository/org/springframework/boot/spring-boot-starter/2.2.3.RELEASE/spring-boot-starter-2.2.3.RELEASE.jar:/Users/linhnguyen/.m2/repository/org/springframework/boot/spring-boot/2.2.3.RELEASE/spring-boot-2.2.3.RELEASE.jar:/Users/linhnguyen/.m2/repository/org/springframework/boot/spring-boot-autoconfigure/2.2.3.RELEASE/spring-boot-autoconfigure-2.2.3.RELEASE.jar:/Users/linhnguyen/.m2/repository/org/springframework/boot/spring-boot-starter-logging/2.2.3.RELEASE/spring-boot-starter-logging-2.2.3.RELEASE.jar:/Users/linhnguyen/.m2/repository/ch/qos/logback/logback-classic/1.2.3/logback-classic-1.2.3.jar:/Users/linhnguyen/.m2/repository/ch/qos/logback/logback-core/1.2.3/logback-core-1.2.3.jar:/Users/linhnguyen/.m2/repository/org/apache/logging/log4j/log4j-to-slf4j/2.12.1/log4j-to-slf4j-2.12.1.jar:/Users/linhnguyen/.m2/repository/org/apache/logging/log4j/log4j-api/2.12.1/log4j-api-2.12.1.jar:/Users/linhnguyen/.m2/repository/org/slf4j/jul-to-slf4j/1.7.30/jul-to-slf4j-1.7.30.jar:/Users/linhnguyen/.m2/repository/jakarta/annotation/jakarta.annotation-api/1.3.5/jakarta.annotation-api-1.3.5.jar:/Users/linhnguyen/.m2/repository/org/springframework/spring-core/5.2.3.RELEASE/spring-core-5.2.3.RELEASE.jar:/Users/linhnguyen/.m2/repository/org/springframework/spring-jcl/5.2.3.RELEASE/spring-jcl-5.2.3.RELEASE.jar:/Users/linhnguyen/.m2/repository/org/yaml/snakeyaml/1.25/snakeyaml-1.25.jar:/Users/linhnguyen/.m2/repository/org/springframework/boot/spring-boot-starter-json/2.2.3.RELEASE/spring-boot-starter-json-2.2.3.RELEASE.jar:/Users/linhnguyen/.m2/repository/com/fasterxml/jackson/core/jackson-databind/2.10.2/jackson-databind-2.10.2.jar:/Users/linhnguyen/.m2/repository/com/fasterxml/jackson/core/jackson-annotations/2.10.2/jackson-annotations-2.10.2.jar:/Users/linhnguyen/.m2/repository/com/fasterxml/jackson/core/jackson-core/2.10.2/jackson-core-2.10.2.jar:/Users/linhnguyen/.m2/repository/com/fasterxml/jackson/datatype/jackson-datatype-jdk8/2.10.2/jackson-datatype-jdk8-2.10.2.jar:/Users/linhnguyen/.m2/repository/com/fasterxml/jackson/datatype/jackson-datatype-jsr310/2.10.2/jackson-datatype-jsr310-2.10.2.jar:/Users/linhnguyen/.m2/repository/com/fasterxml/jackson/module/jackson-module-parameter-names/2.10.2/jackson-module-parameter-names-2.10.2.jar:/Users/linhnguyen/.m2/repository/org/springframework/boot/spring-boot-starter-tomcat/2.2.3.RELEASE/spring-boot-starter-tomcat-2.2.3.RELEASE.jar:/Users/linhnguyen/.m2/repository/org/apache/tomcat/embed/tomcat-embed-websocket/9.0.30/tomcat-embed-websocket-9.0.30.jar:/Users/linhnguyen/.m2/repository/org/springframework/boot/spring-boot-starter-validation/2.2.3.RELEASE/spring-boot-starter-validation-2.2.3.RELEASE.jar:/Users/linhnguyen/.m2/repository/jakarta/validation/jakarta.validation-api/2.0.2/jakarta.validation-api-2.0.2.jar:/Users/linhnguyen/.m2/repository/org/hibernate/validator/hibernate-validator/6.0.18.Final/hibernate-validator-6.0.18.Final.jar:/Users/linhnguyen/.m2/repository/org/springframework/spring-web/5.2.3.RELEASE/spring-web-5.2.3.RELEASE.jar:/Users/linhnguyen/.m2/repository/org/springframework/spring-beans/5.2.3.RELEASE/spring-beans-5.2.3.RELEASE.jar:/Users/linhnguyen/.m2/repository/org/springframework/spring-webmvc/5.2.3.RELEASE/spring-webmvc-5.2.3.RELEASE.jar:/Users/linhnguyen/.m2/repository/org/springframework/spring-context/5.2.3.RELEASE/spring-context-5.2.3.RELEASE.jar:/Users/linhnguyen/.m2/repository/org/springframework/spring-expression/5.2.3.RELEASE/spring-expression-5.2.3.RELEASE.jar:/Users/linhnguyen/.m2/repository/org/apache/tomcat/embed/tomcat-embed-jasper/9.0.30/tomcat-embed-jasper-9.0.30.jar:/Users/linhnguyen/.m2/repository/org/apache/tomcat/embed/tomcat-embed-core/9.0.30/tomcat-embed-core-9.0.30.jar:/Users/linhnguyen/.m2/repository/org/apache/tomcat/tomcat-annotations-api/9.0.30/tomcat-annotations-api-9.0.30.jar:/Users/linhnguyen/.m2/repository/org/apache/tomcat/embed/tomcat-embed-el/9.0.30/tomcat-embed-el-9.0.30.jar:/Users/linhnguyen/.m2/repository/org/eclipse/jdt/ecj/3.18.0/ecj-3.18.0.jar:/Users/linhnguyen/.m2/repository/javax/servlet/jstl/1.2/jstl-1.2.jar:/Users/linhnguyen/.m2/repository/org/springframework/boot/spring-boot-starter-data-jpa/2.2.3.RELEASE/spring-boot-starter-data-jpa-2.2.3.RELEASE.jar:/Users/linhnguyen/.m2/repository/org/springframework/boot/spring-boot-starter-aop/2.2.3.RELEASE/spring-boot-starter-aop-2.2.3.RELEASE.jar:/Users/linhnguyen/.m2/repository/org/aspectj/aspectjweaver/1.9.5/aspectjweaver-1.9.5.jar:/Users/linhnguyen/.m2/repository/org/springframework/boot/spring-boot-starter-jdbc/2.2.3.RELEASE/spring-boot-starter-jdbc-2.2.3.RELEASE.jar:/Users/linhnguyen/.m2/repository/com/zaxxer/HikariCP/3.4.2/HikariCP-3.4.2.jar:/Users/linhnguyen/.m2/repository/org/springframework/spring-jdbc/5.2.3.RELEASE/spring-jdbc-5.2.3.RELEASE.jar:/Users/linhnguyen/.m2/repository/jakarta/activation/jakarta.activation-api/1.2.1/jakarta.activation-api-1.2.1.jar:/Users/linhnguyen/.m2/repository/jakarta/persistence/jakarta.persistence-api/2.2.3/jakarta.persistence-api-2.2.3.jar:/Users/linhnguyen/.m2/repository/jakarta/transaction/jakarta.transaction-api/1.3.3/jakarta.transaction-api-1.3.3.jar:/Users/linhnguyen/.m2/repository/org/hibernate/hibernate-core/5.4.10.Final/hibernate-core-5.4.10.Final.jar:/Users/linhnguyen/.m2/repository/org/jboss/logging/jboss-logging/3.4.1.Final/jboss-logging-3.4.1.Final.jar:/Users/linhnguyen/.m2/repository/org/javassist/javassist/3.24.0-GA/javassist-3.24.0-GA.jar:/Users/linhnguyen/.m2/repository/net/bytebuddy/byte-buddy/1.10.6/byte-buddy-1.10.6.jar:/Users/linhnguyen/.m2/repository/antlr/antlr/2.7.7/antlr-2.7.7.jar:/Users/linhnguyen/.m2/repository/org/jboss/jandex/2.1.1.Final/jandex-2.1.1.Final.jar:/Users/linhnguyen/.m2/repository/com/fasterxml/classmate/1.5.1/classmate-1.5.1.jar:/Users/linhnguyen/.m2/repository/org/dom4j/dom4j/2.1.1/dom4j-2.1.1.jar:/Users/linhnguyen/.m2/repository/org/hibernate/common/hibernate-commons-annotations/5.1.0.Final/hibernate-commons-annotations-5.1.0.Final.jar:/Users/linhnguyen/.m2/repository/org/glassfish/jaxb/jaxb-runtime/2.3.2/jaxb-runtime-2.3.2.jar:/Users/linhnguyen/.m2/repository/jakarta/xml/bind/jakarta.xml.bind-api/2.3.2/jakarta.xml.bind-api-2.3.2.jar:/Users/linhnguyen/.m2/repository/org/glassfish/jaxb/txw2/2.3.2/txw2-2.3.2.jar:/Users/linhnguyen/.m2/repository/com/sun/istack/istack-commons-runtime/3.0.8/istack-commons-runtime-3.0.8.jar:/Users/linhnguyen/.m2/repository/org/jvnet/staxex/stax-ex/1.8.1/stax-ex-1.8.1.jar:/Users/linhnguyen/.m2/repository/com/sun/xml/fastinfoset/FastInfoset/1.2.16/FastInfoset-1.2.16.jar:/Users/linhnguyen/.m2/repository/org/springframework/data/spring-data-jpa/2.2.4.RELEASE/spring-data-jpa-2.2.4.RELEASE.jar:/Users/linhnguyen/.m2/repository/org/springframework/data/spring-data-commons/2.2.4.RELEASE/spring-data-commons-2.2.4.RELEASE.jar:/Users/linhnguyen/.m2/repository/org/springframework/spring-orm/5.2.3.RELEASE/spring-orm-5.2.3.RELEASE.jar:/Users/linhnguyen/.m2/repository/org/springframework/spring-tx/5.2.3.RELEASE/spring-tx-5.2.3.RELEASE.jar:/Users/linhnguyen/.m2/repository/org/slf4j/slf4j-api/1.7.30/slf4j-api-1.7.30.jar:/Users/linhnguyen/.m2/repository/org/springframework/spring-aspects/5.2.3.RELEASE/spring-aspects-5.2.3.RELEASE.jar:/Users/linhnguyen/.m2/repository/org/springframework/boot/spring-boot-starter-security/2.2.3.RELEASE/spring-boot-starter-security-2.2.3.RELEASE.jar:/Users/linhnguyen/.m2/repository/org/springframework/spring-aop/5.2.3.RELEASE/spring-aop-5.2.3.RELEASE.jar:/Users/linhnguyen/.m2/repository/org/springframework/security/spring-security-config/5.2.1.RELEASE/spring-security-config-5.2.1.RELEASE.jar:/Users/linhnguyen/.m2/repository/org/springframework/security/spring-security-core/5.2.1.RELEASE/spring-security-core-5.2.1.RELEASE.jar:/Users/linhnguyen/.m2/repository/org/springframework/security/spring-security-web/5.2.1.RELEASE/spring-security-web-5.2.1.RELEASE.jar:/Users/linhnguyen/.m2/repository/mysql/mysql-connector-java/8.0.19/mysql-connector-java-8.0.19.jar:/Users/linhnguyen/.m2/repository/junit/junit/4.12/junit-4.12.jar:/Users/linhnguyen/.m2/repository/org/hamcrest/hamcrest-core/2.1/hamcrest-core-2.1.jar:/Users/linhnguyen/.m2/repository/org/hamcrest/hamcrest/2.1/hamcrest-2.1.jar:"/>
    <property name="java.vm.vendor" value="Oracle Corporation"/>
    <property name="sun.arch.data.model" value="64"/>
    <property name="java.vendor.url" value="https://openjdk.java.net/"/>
    <property name="os.name" value="Mac OS X"/>
    <property name="java.vm.specification.version" value="14"/>
    <property name="sun.java.launcher" value="SUN_STANDARD"/>
    <property name="user.country" value="VN"/>
    <property name="sun.boot.library.path" value="/usr/local/Cellar/openjdk/14.0.1/libexec/openjdk.jdk/Contents/Home/lib"/>
    <property name="sun.java.command" value="/Users/linhnguyen/deploy/Frontend/SEPT_Group13/Frontend+Register+Login/target/surefire/surefirebooter13527905264441267463.jar /Users/linhnguyen/deploy/Frontend/SEPT_Group13/Frontend+Register+Login/target/surefire 2020-09-16T05-37-04_549-jvmRun1 surefire7845465639924609905tmp surefire_011757447717328489033tmp"/>
    <property name="http.nonProxyHosts" value="local|*.local|169.254/16|*.169.254/16"/>
    <property name="jdk.debug" value="release"/>
    <property name="surefire.test.class.path" value="/Users/linhnguyen/deploy/Frontend/SEPT_Group13/Frontend+Register+Login/target/test-classes:/Users/linhnguyen/deploy/Frontend/SEPT_Group13/Frontend+Register+Login/target/classes:/Users/linhnguyen/.m2/repository/org/springframework/boot/spring-boot-starter-web/2.2.3.RELEASE/spring-boot-starter-web-2.2.3.RELEASE.jar:/Users/linhnguyen/.m2/repository/org/springframework/boot/spring-boot-starter/2.2.3.RELEASE/spring-boot-starter-2.2.3.RELEASE.jar:/Users/linhnguyen/.m2/repository/org/springframework/boot/spring-boot/2.2.3.RELEASE/spring-boot-2.2.3.RELEASE.jar:/Users/linhnguyen/.m2/repository/org/springframework/boot/spring-boot-autoconfigure/2.2.3.RELEASE/spring-boot-autoconfigure-2.2.3.RELEASE.jar:/Users/linhnguyen/.m2/repository/org/springframework/boot/spring-boot-starter-logging/2.2.3.RELEASE/spring-boot-starter-logging-2.2.3.RELEASE.jar:/Users/linhnguyen/.m2/repository/ch/qos/logback/logback-classic/1.2.3/logback-classic-1.2.3.jar:/Users/linhnguyen/.m2/repository/ch/qos/logback/logback-core/1.2.3/logback-core-1.2.3.jar:/Users/linhnguyen/.m2/repository/org/apache/logging/log4j/log4j-to-slf4j/2.12.1/log4j-to-slf4j-2.12.1.jar:/Users/linhnguyen/.m2/repository/org/apache/logging/log4j/log4j-api/2.12.1/log4j-api-2.12.1.jar:/Users/linhnguyen/.m2/repository/org/slf4j/jul-to-slf4j/1.7.30/jul-to-slf4j-1.7.30.jar:/Users/linhnguyen/.m2/repository/jakarta/annotation/jakarta.annotation-api/1.3.5/jakarta.annotation-api-1.3.5.jar:/Users/linhnguyen/.m2/repository/org/springframework/spring-core/5.2.3.RELEASE/spring-core-5.2.3.RELEASE.jar:/Users/linhnguyen/.m2/repository/org/springframework/spring-jcl/5.2.3.RELEASE/spring-jcl-5.2.3.RELEASE.jar:/Users/linhnguyen/.m2/repository/org/yaml/snakeyaml/1.25/snakeyaml-1.25.jar:/Users/linhnguyen/.m2/repository/org/springframework/boot/spring-boot-starter-json/2.2.3.RELEASE/spring-boot-starter-json-2.2.3.RELEASE.jar:/Users/linhnguyen/.m2/repository/com/fasterxml/jackson/core/jackson-databind/2.10.2/jackson-databind-2.10.2.jar:/Users/linhnguyen/.m2/repository/com/fasterxml/jackson/core/jackson-annotations/2.10.2/jackson-annotations-2.10.2.jar:/Users/linhnguyen/.m2/repository/com/fasterxml/jackson/core/jackson-core/2.10.2/jackson-core-2.10.2.jar:/Users/linhnguyen/.m2/repository/com/fasterxml/jackson/datatype/jackson-datatype-jdk8/2.10.2/jackson-datatype-jdk8-2.10.2.jar:/Users/linhnguyen/.m2/repository/com/fasterxml/jackson/datatype/jackson-datatype-jsr310/2.10.2/jackson-datatype-jsr310-2.10.2.jar:/Users/linhnguyen/.m2/repository/com/fasterxml/jackson/module/jackson-module-parameter-names/2.10.2/jackson-module-parameter-names-2.10.2.jar:/Users/linhnguyen/.m2/repository/org/springframework/boot/spring-boot-starter-tomcat/2.2.3.RELEASE/spring-boot-starter-tomcat-2.2.3.RELEASE.jar:/Users/linhnguyen/.m2/repository/org/apache/tomcat/embed/tomcat-embed-websocket/9.0.30/tomcat-embed-websocket-9.0.30.jar:/Users/linhnguyen/.m2/repository/org/springframework/boot/spring-boot-starter-validation/2.2.3.RELEASE/spring-boot-starter-validation-2.2.3.RELEASE.jar:/Users/linhnguyen/.m2/repository/jakarta/validation/jakarta.validation-api/2.0.2/jakarta.validation-api-2.0.2.jar:/Users/linhnguyen/.m2/repository/org/hibernate/validator/hibernate-validator/6.0.18.Final/hibernate-validator-6.0.18.Final.jar:/Users/linhnguyen/.m2/repository/org/springframework/spring-web/5.2.3.RELEASE/spring-web-5.2.3.RELEASE.jar:/Users/linhnguyen/.m2/repository/org/springframework/spring-beans/5.2.3.RELEASE/spring-beans-5.2.3.RELEASE.jar:/Users/linhnguyen/.m2/repository/org/springframework/spring-webmvc/5.2.3.RELEASE/spring-webmvc-5.2.3.RELEASE.jar:/Users/linhnguyen/.m2/repository/org/springframework/spring-context/5.2.3.RELEASE/spring-context-5.2.3.RELEASE.jar:/Users/linhnguyen/.m2/repository/org/springframework/spring-expression/5.2.3.RELEASE/spring-expression-5.2.3.RELEASE.jar:/Users/linhnguyen/.m2/repository/org/apache/tomcat/embed/tomcat-embed-jasper/9.0.30/tomcat-embed-jasper-9.0.30.jar:/Users/linhnguyen/.m2/repository/org/apache/tomcat/embed/tomcat-embed-core/9.0.30/tomcat-embed-core-9.0.30.jar:/Users/linhnguyen/.m2/repository/org/apache/tomcat/tomcat-annotations-api/9.0.30/tomcat-annotations-api-9.0.30.jar:/Users/linhnguyen/.m2/repository/org/apache/tomcat/embed/tomcat-embed-el/9.0.30/tomcat-embed-el-9.0.30.jar:/Users/linhnguyen/.m2/repository/org/eclipse/jdt/ecj/3.18.0/ecj-3.18.0.jar:/Users/linhnguyen/.m2/repository/javax/servlet/jstl/1.2/jstl-1.2.jar:/Users/linhnguyen/.m2/repository/org/springframework/boot/spring-boot-starter-data-jpa/2.2.3.RELEASE/spring-boot-starter-data-jpa-2.2.3.RELEASE.jar:/Users/linhnguyen/.m2/repository/org/springframework/boot/spring-boot-starter-aop/2.2.3.RELEASE/spring-boot-starter-aop-2.2.3.RELEASE.jar:/Users/linhnguyen/.m2/repository/org/aspectj/aspectjweaver/1.9.5/aspectjweaver-1.9.5.jar:/Users/linhnguyen/.m2/repository/org/springframework/boot/spring-boot-starter-jdbc/2.2.3.RELEASE/spring-boot-starter-jdbc-2.2.3.RELEASE.jar:/Users/linhnguyen/.m2/repository/com/zaxxer/HikariCP/3.4.2/HikariCP-3.4.2.jar:/Users/linhnguyen/.m2/repository/org/springframework/spring-jdbc/5.2.3.RELEASE/spring-jdbc-5.2.3.RELEASE.jar:/Users/linhnguyen/.m2/repository/jakarta/activation/jakarta.activation-api/1.2.1/jakarta.activation-api-1.2.1.jar:/Users/linhnguyen/.m2/repository/jakarta/persistence/jakarta.persistence-api/2.2.3/jakarta.persistence-api-2.2.3.jar:/Users/linhnguyen/.m2/repository/jakarta/transaction/jakarta.transaction-api/1.3.3/jakarta.transaction-api-1.3.3.jar:/Users/linhnguyen/.m2/repository/org/hibernate/hibernate-core/5.4.10.Final/hibernate-core-5.4.10.Final.jar:/Users/linhnguyen/.m2/repository/org/jboss/logging/jboss-logging/3.4.1.Final/jboss-logging-3.4.1.Final.jar:/Users/linhnguyen/.m2/repository/org/javassist/javassist/3.24.0-GA/javassist-3.24.0-GA.jar:/Users/linhnguyen/.m2/repository/net/bytebuddy/byte-buddy/1.10.6/byte-buddy-1.10.6.jar:/Users/linhnguyen/.m2/repository/antlr/antlr/2.7.7/antlr-2.7.7.jar:/Users/linhnguyen/.m2/repository/org/jboss/jandex/2.1.1.Final/jandex-2.1.1.Final.jar:/Users/linhnguyen/.m2/repository/com/fasterxml/classmate/1.5.1/classmate-1.5.1.jar:/Users/linhnguyen/.m2/repository/org/dom4j/dom4j/2.1.1/dom4j-2.1.1.jar:/Users/linhnguyen/.m2/repository/org/hibernate/common/hibernate-commons-annotations/5.1.0.Final/hibernate-commons-annotations-5.1.0.Final.jar:/Users/linhnguyen/.m2/repository/org/glassfish/jaxb/jaxb-runtime/2.3.2/jaxb-runtime-2.3.2.jar:/Users/linhnguyen/.m2/repository/jakarta/xml/bind/jakarta.xml.bind-api/2.3.2/jakarta.xml.bind-api-2.3.2.jar:/Users/linhnguyen/.m2/repository/org/glassfish/jaxb/txw2/2.3.2/txw2-2.3.2.jar:/Users/linhnguyen/.m2/repository/com/sun/istack/istack-commons-runtime/3.0.8/istack-commons-runtime-3.0.8.jar:/Users/linhnguyen/.m2/repository/org/jvnet/staxex/stax-ex/1.8.1/stax-ex-1.8.1.jar:/Users/linhnguyen/.m2/repository/com/sun/xml/fastinfoset/FastInfoset/1.2.16/FastInfoset-1.2.16.jar:/Users/linhnguyen/.m2/repository/org/springframework/data/spring-data-jpa/2.2.4.RELEASE/spring-data-jpa-2.2.4.RELEASE.jar:/Users/linhnguyen/.m2/repository/org/springframework/data/spring-data-commons/2.2.4.RELEASE/spring-data-commons-2.2.4.RELEASE.jar:/Users/linhnguyen/.m2/repository/org/springframework/spring-orm/5.2.3.RELEASE/spring-orm-5.2.3.RELEASE.jar:/Users/linhnguyen/.m2/repository/org/springframework/spring-tx/5.2.3.RELEASE/spring-tx-5.2.3.RELEASE.jar:/Users/linhnguyen/.m2/repository/org/slf4j/slf4j-api/1.7.30/slf4j-api-1.7.30.jar:/Users/linhnguyen/.m2/repository/org/springframework/spring-aspects/5.2.3.RELEASE/spring-aspects-5.2.3.RELEASE.jar:/Users/linhnguyen/.m2/repository/org/springframework/boot/spring-boot-starter-security/2.2.3.RELEASE/spring-boot-starter-security-2.2.3.RELEASE.jar:/Users/linhnguyen/.m2/repository/org/springframework/spring-aop/5.2.3.RELEASE/spring-aop-5.2.3.RELEASE.jar:/Users/linhnguyen/.m2/repository/org/springframework/security/spring-security-config/5.2.1.RELEASE/spring-security-config-5.2.1.RELEASE.jar:/Users/linhnguyen/.m2/repository/org/springframework/security/spring-security-core/5.2.1.RELEASE/spring-security-core-5.2.1.RELEASE.jar:/Users/linhnguyen/.m2/repository/org/springframework/security/spring-security-web/5.2.1.RELEASE/spring-security-web-5.2.1.RELEASE.jar:/Users/linhnguyen/.m2/repository/mysql/mysql-connector-java/8.0.19/mysql-connector-java-8.0.19.jar:/Users/linhnguyen/.m2/repository/junit/junit/4.12/junit-4.12.jar:/Users/linhnguyen/.m2/repository/org/hamcrest/hamcrest-core/2.1/hamcrest-core-2.1.jar:/Users/linhnguyen/.m2/repository/org/hamcrest/hamcrest/2.1/hamcrest-2.1.jar:"/>
    <property name="sun.cpu.endian" value="little"/>
    <property name="user.home" value="/Users/linhnguyen"/>
    <property name="user.language" value="en"/>
    <property name="java.specification.vendor" value="Oracle Corporation"/>
    <property name="java.version.date" value="2020-04-14"/>
    <property name="java.home" value="/usr/local/Cellar/openjdk/14.0.1/libexec/openjdk.jdk/Contents/Home"/>
    <property name="file.separator" value="/"/>
    <property name="basedir" value="/Users/linhnguyen/deploy/Frontend/SEPT_Group13/Frontend+Register+Login"/>
    <property name="java.vm.compressedOopsMode" value="Zero based"/>
    <property name="line.separator" value="&#10;"/>
    <property name="java.specification.name" value="Java Platform API Specification"/>
    <property name="java.vm.specification.vendor" value="Oracle Corporation"/>
    <property name="surefire.real.class.path" value="/Users/linhnguyen/deploy/Frontend/SEPT_Group13/Frontend+Register+Login/target/surefire/surefirebooter13527905264441267463.jar"/>
    <property name="sun.management.compiler" value="HotSpot 64-Bit Tiered Compilers"/>
    <property name="ftp.nonProxyHosts" value="local|*.local|169.254/16|*.169.254/16"/>
    <property name="java.runtime.version" value="14.0.1+14"/>
    <property name="user.name" value="linhnguyen"/>
    <property name="path.separator" value=":"/>
    <property name="os.version" value="10.15.6"/>
    <property name="java.runtime.name" value="OpenJDK Runtime Environment"/>
    <property name="file.encoding" value="UTF-8"/>
    <property name="java.vm.name" value="OpenJDK 64-Bit Server VM"/>
    <property name="localRepository" value="/Users/linhnguyen/.m2/repository"/>
    <property name="java.vendor.url.bug" value="https://bugreport.java.com/bugreport/"/>
    <property name="java.io.tmpdir" value="/var/folders/_r/xv0f98jn0r1_djvzp0vk6pbr0000gn/T/"/>
    <property name="java.version" value="14.0.1"/>
    <property name="user.dir" value="/Users/linhnguyen/deploy/Frontend/SEPT_Group13/Frontend+Register+Login"/>
    <property name="os.arch" value="x86_64"/>
    <property name="java.vm.specification.name" value="Java Virtual Machine Specification"/>
    <property name="java.library.path" value="/Users/linhnguyen/Library/Java/Extensions:/Library/Java/Extensions:/Network/Library/Java/Extensions:/System/Library/Java/Extensions:/usr/lib/java:."/>
    <property name="java.vm.info" value="mixed mode, sharing"/>
    <property name="java.vendor" value="N/A"/>
    <property name="java.vm.version" value="14.0.1+14"/>
    <property name="sun.io.unicode.encoding" value="UnicodeBig"/>
    <property name="socksNonProxyHosts" value="local|*.local|169.254/16|*.169.254/16"/>
    <property name="java.class.version" value="58.0"/>
  </properties>
  <testcase name="testSetPassword" classname="com.model.UserTest" time="0.001"/>
  <testcase name="testGetPassword" classname="com.model.UserTest" time="0"/>
  <testcase name="testGetConfirmPassword" classname="com.model.UserTest" time="0"/>
  <testcase name="testSetConfirmPassword" classname="com.model.UserTest" time="0.001"/>
  <testcase name="testSetUserName" classname="com.model.UserTest" time="0.001"/>
  <testcase name="testGetUsername" classname="com.model.UserTest" time="0"/>
</testsuite>